Flow report for sarbazi
Wed Aug 05 05:48:30 2020
Quartus II Version 9.0 Build 132 02/25/2009 SJ Web Edition


---------------------
; Table of Contents ;
---------------------
  1. Legal Notice
  2. Flow Summary
  3. Flow Settings
  4. Flow Non-Default Global Settings
  5. Flow Elapsed Time
  6. Flow OS Summary
  7. Flow Log



----------------
; Legal Notice ;
----------------
Copyright (C) 1991-2009 Altera Corporation
Your use of Altera Corporation's design tools, logic functions 
and other software and tools, and its AMPP partner logic 
functions, and any output files from any of the foregoing 
(including device programming or simulation files), and any 
associated documentation or information are expressly subject 
to the terms and conditions of the Altera Program License 
Subscription Agreement, Altera MegaCore Function License 
Agreement, or other applicable license agreement, including, 
without limitation, that your use is for the sole purpose of 
programming logic devices manufactured by Altera and sold by 
Altera or its authorized distributors.  Please refer to the 
applicable agreement for further details.



+-------------------------------------------------------------------------+
; Flow Summary                                                            ;
+-------------------------------+-----------------------------------------+
; Flow Status                   ; Successful - Wed Aug 05 05:48:29 2020   ;
; Quartus II Version            ; 9.0 Build 132 02/25/2009 SJ Web Edition ;
; Revision Name                 ; sarbazi                                 ;
; Top-level Entity Name         ; IFID                                    ;
; Family                        ; Stratix II                              ;
; Met timing requirements       ; Yes                                     ;
; Logic utilization             ; < 1 %                                   ;
;     Combinational ALUTs       ; 0 / 12,480 ( 0 % )                      ;
;     Dedicated logic registers ; 78 / 12,480 ( < 1 % )                   ;
; Total registers               ; 78                                      ;
; Total pins                    ; 157 / 343 ( 46 % )                      ;
; Total virtual pins            ; 0                                       ;
; Total block memory bits       ; 0 / 419,328 ( 0 % )                     ;
; DSP block 9-bit elements      ; 0 / 96 ( 0 % )                          ;
; Total PLLs                    ; 0 / 6 ( 0 % )                           ;
; Total DLLs                    ; 0 / 2 ( 0 % )                           ;
; Device                        ; EP2S15F484C3                            ;
; Timing Models                 ; Final                                   ;
+-------------------------------+-----------------------------------------+


+-----------------------------------------+
; Flow Settings                           ;
+-------------------+---------------------+
; Option            ; Setting             ;
+-------------------+---------------------+
; Start date & time ; 08/05/2020 05:47:51 ;
; Main task         ; Compilation         ;
; Revision Name     ; sarbazi             ;
+-------------------+---------------------+


+----------------------------------------------------------------------------------------------------------------------------------+
; Flow Non-Default Global Settings                                                                                                 ;
+-------------------------------------+---------------------------------------------+---------------+-------------+----------------+
; Assignment Name                     ; Value                                       ; Default Value ; Entity Name ; Section Id     ;
+-------------------------------------+---------------------------------------------+---------------+-------------+----------------+
; COMPILER_SIGNATURE_ID               ; 66692969400109.159659027108828              ; --            ; --          ; --             ;
; EDA_OUTPUT_DATA_FORMAT              ; None                                        ; --            ; --          ; eda_simulation ;
; EDA_TIME_SCALE                      ; 1 ps                                        ; --            ; --          ; eda_simulation ;
; IP_TOOL_NAME                        ; LPM_MUX                                     ; --            ; --          ; --             ;
; IP_TOOL_NAME                        ; LPM_DECODE                                  ; --            ; --          ; --             ;
; IP_TOOL_NAME                        ; LPM_FF                                      ; --            ; --          ; --             ;
; IP_TOOL_NAME                        ; LPM_ADD_SUB                                 ; --            ; --          ; --             ;
; IP_TOOL_NAME                        ; LPM_MUX                                     ; --            ; --          ; --             ;
; IP_TOOL_NAME                        ; LPM_COMPARE                                 ; --            ; --          ; --             ;
; IP_TOOL_NAME                        ; LPM_COMPARE                                 ; --            ; --          ; --             ;
; IP_TOOL_NAME                        ; LPM_COMPARE                                 ; --            ; --          ; --             ;
; IP_TOOL_NAME                        ; LPM_FF                                      ; --            ; --          ; --             ;
; IP_TOOL_NAME                        ; LPM_FF                                      ; --            ; --          ; --             ;
; IP_TOOL_NAME                        ; LPM_FF                                      ; --            ; --          ; --             ;
; IP_TOOL_NAME                        ; LPM_MUX                                     ; --            ; --          ; --             ;
; IP_TOOL_NAME                        ; ROM: 1-PORT                                 ; --            ; --          ; --             ;
; IP_TOOL_NAME                        ; LPM_FF                                      ; --            ; --          ; --             ;
; IP_TOOL_VERSION                     ; 9.0                                         ; --            ; --          ; --             ;
; IP_TOOL_VERSION                     ; 9.0                                         ; --            ; --          ; --             ;
; IP_TOOL_VERSION                     ; 9.0                                         ; --            ; --          ; --             ;
; IP_TOOL_VERSION                     ; 9.0                                         ; --            ; --          ; --             ;
; IP_TOOL_VERSION                     ; 9.0                                         ; --            ; --          ; --             ;
; IP_TOOL_VERSION                     ; 9.0                                         ; --            ; --          ; --             ;
; IP_TOOL_VERSION                     ; 9.0                                         ; --            ; --          ; --             ;
; IP_TOOL_VERSION                     ; 9.0                                         ; --            ; --          ; --             ;
; IP_TOOL_VERSION                     ; 9.0                                         ; --            ; --          ; --             ;
; IP_TOOL_VERSION                     ; 9.0                                         ; --            ; --          ; --             ;
; IP_TOOL_VERSION                     ; 9.0                                         ; --            ; --          ; --             ;
; IP_TOOL_VERSION                     ; 9.0                                         ; --            ; --          ; --             ;
; IP_TOOL_VERSION                     ; 9.0                                         ; --            ; --          ; --             ;
; IP_TOOL_VERSION                     ; 9.0                                         ; --            ; --          ; --             ;
; MISC_FILE                           ; C:/Users/Asus/Desktop/Semi-Mips/sarbazi.dpf ; --            ; --          ; --             ;
; MISC_FILE                           ; lpm_mux0.bsf                                ; --            ; --          ; --             ;
; MISC_FILE                           ; lpm_mux0_bb.v                               ; --            ; --          ; --             ;
; MISC_FILE                           ; lpm_mux0.inc                                ; --            ; --          ; --             ;
; MISC_FILE                           ; lpm_decode0.bsf                             ; --            ; --          ; --             ;
; MISC_FILE                           ; lpm_decode0_bb.v                            ; --            ; --          ; --             ;
; MISC_FILE                           ; lpm_decode0.inc                             ; --            ; --          ; --             ;
; MISC_FILE                           ; filfil.bsf                                  ; --            ; --          ; --             ;
; MISC_FILE                           ; filfil_bb.v                                 ; --            ; --          ; --             ;
; MISC_FILE                           ; filfil.inc                                  ; --            ; --          ; --             ;
; MISC_FILE                           ; adder.bsf                                   ; --            ; --          ; --             ;
; MISC_FILE                           ; adder_bb.v                                  ; --            ; --          ; --             ;
; MISC_FILE                           ; adder.inc                                   ; --            ; --          ; --             ;
; MISC_FILE                           ; littleMUX.bsf                               ; --            ; --          ; --             ;
; MISC_FILE                           ; littleMUX_bb.v                              ; --            ; --          ; --             ;
; MISC_FILE                           ; littleMUX.inc                               ; --            ; --          ; --             ;
; MISC_FILE                           ; comparator.tdf                              ; --            ; --          ; --             ;
; MISC_FILE                           ; comparator.inc                              ; --            ; --          ; --             ;
; MISC_FILE                           ; lpm_compare0.tdf                            ; --            ; --          ; --             ;
; MISC_FILE                           ; lpm_compare0.bsf                            ; --            ; --          ; --             ;
; MISC_FILE                           ; lpm_compare0.inc                            ; --            ; --          ; --             ;
; MISC_FILE                           ; lpm_compare1.bsf                            ; --            ; --          ; --             ;
; MISC_FILE                           ; lpm_compare1.inc                            ; --            ; --          ; --             ;
; MISC_FILE                           ; MegaWizardSymbols/reg.bsf                   ; --            ; --          ; --             ;
; MISC_FILE                           ; MegaWizardSymbols/reg.inc                   ; --            ; --          ; --             ;
; MISC_FILE                           ; MegaWizardSymbols/reg_wb.bsf                ; --            ; --          ; --             ;
; MISC_FILE                           ; MegaWizardSymbols/reg_wb.inc                ; --            ; --          ; --             ;
; MISC_FILE                           ; reg_memory.bsf                              ; --            ; --          ; --             ;
; MISC_FILE                           ; reg_memory.inc                              ; --            ; --          ; --             ;
; MISC_FILE                           ; pcMux.tdf                                   ; --            ; --          ; --             ;
; MISC_FILE                           ; pcMux.bsf                                   ; --            ; --          ; --             ;
; MISC_FILE                           ; pcMux.inc                                   ; --            ; --          ; --             ;
; MISC_FILE                           ; MegaWizardSymbols/ROM.bsf                   ; --            ; --          ; --             ;
; MISC_FILE                           ; MegaWizardSymbols/ROM_bb.v                  ; --            ; --          ; --             ;
; MISC_FILE                           ; MegaWizardSymbols/ROM.inc                   ; --            ; --          ; --             ;
; MISC_FILE                           ; MegaWizardSymbols/reg14.bsf                 ; --            ; --          ; --             ;
; MISC_FILE                           ; MegaWizardSymbols/reg14_bb.v                ; --            ; --          ; --             ;
; MISC_FILE                           ; MegaWizardSymbols/reg14.inc                 ; --            ; --          ; --             ;
; PARTITION_COLOR                     ; 16764057                                    ; --            ; IFID        ; Top            ;
; PARTITION_FITTER_PRESERVATION_LEVEL ; PLACEMENT_AND_ROUTING                       ; --            ; IFID        ; Top            ;
; PARTITION_NETLIST_TYPE              ; SOURCE                                      ; --            ; IFID        ; Top            ;
; TOP_LEVEL_ENTITY                    ; IFID                                        ; sarbazi       ; --          ; --             ;
; USE_GENERATED_PHYSICAL_CONSTRAINTS  ; Off                                         ; --            ; --          ; eda_blast_fpga ;
+-------------------------------------+---------------------------------------------+---------------+-------------+----------------+


+-----------------------------------------------------------------------------------------------------------------------------+
; Flow Elapsed Time                                                                                                           ;
+-------------------------+--------------+-------------------------+---------------------+------------------------------------+
; Module Name             ; Elapsed Time ; Average Processors Used ; Peak Virtual Memory ; Total CPU Time (on all processors) ;
+-------------------------+--------------+-------------------------+---------------------+------------------------------------+
; Analysis & Synthesis    ; 00:00:11     ; 1.0                     ; 252 MB              ; 00:00:03                           ;
; Fitter                  ; 00:00:14     ; 1.0                     ; 297 MB              ; 00:00:08                           ;
; Assembler               ; 00:00:05     ; 1.0                     ; 252 MB              ; 00:00:04                           ;
; Classic Timing Analyzer ; 00:00:00     ; 1.0                     ; 185 MB              ; 00:00:00                           ;
; Total                   ; 00:00:30     ; --                      ; --                  ; 00:00:15                           ;
+-------------------------+--------------+-------------------------+---------------------+------------------------------------+


+------------------------------------------------------------------------------------------+
; Flow OS Summary                                                                          ;
+-------------------------+------------------+---------------+------------+----------------+
; Module Name             ; Machine Hostname ; OS Name       ; OS Version ; Processor type ;
+-------------------------+------------------+---------------+------------+----------------+
; Analysis & Synthesis    ; DESKTOP-6RNIMGF  ; Windows Vista ; 6.2        ; x86_64         ;
; Fitter                  ; DESKTOP-6RNIMGF  ; Windows Vista ; 6.2        ; x86_64         ;
; Assembler               ; DESKTOP-6RNIMGF  ; Windows Vista ; 6.2        ; x86_64         ;
; Classic Timing Analyzer ; DESKTOP-6RNIMGF  ; Windows Vista ; 6.2        ; x86_64         ;
+-------------------------+------------------+---------------+------------+----------------+


------------
; Flow Log ;
------------
quartus_map --read_settings_files=on --write_settings_files=off sarbazi -c sarbazi
quartus_fit --read_settings_files=off --write_settings_files=off sarbazi -c sarbazi
quartus_asm --read_settings_files=off --write_settings_files=off sarbazi -c sarbazi
quartus_tan --read_settings_files=off --write_settings_files=off sarbazi -c sarbazi --timing_analysis_only



